<?xml version="1.0" encoding="UTF-8"?>
<!-- Generated by org.testng.reporters.JUnitXMLReporter -->
<testsuite hostname="LAPTOP-S8PGKM3G" ignored="0" name="Test" tests="8" failures="1" timestamp="2020-06-06T19:41:32 PDT" time="97.78" errors="0">
  <testcase name="testModalWindowcloseBtn" time="2.605" classname="com.yelligo.testcases.RegistrationPageTest"/>
  <testcase name="testRegistration" time="8.679" classname="com.yelligo.testcases.RegistrationPageTest"/>
  <testcase name="testRegistration" time="8.689" classname="com.yelligo.testcases.RegistrationPageTest"/>
  <testcase name="testTitle" time="0.348" classname="com.yelligo.testcases.RegistrationPageTest"/>
  <testcase name="testValidateNextBtn" time="3.213" classname="com.yelligo.testcases.RegistrationPageTest"/>
  <testcase name="testvalidateInfoText" time="3.342" classname="com.yelligo.testcases.RegistrationPageTest"/>
  <testcase name="testvalidateLoginSignupBtn" time="3.018" classname="com.yelligo.testcases.RegistrationPageTest"/>
  <testcase name="testValidateBlankLogin" time="4.61" classname="com.yelligo.testcases.LoginPageTest">
    <failure type="java.lang.AssertionError" message="expected [Please enter your email idxxxx] but found [Please enter your email id]">
      <![CDATA[java.lang.AssertionError: expected [Please enter your email idxxxx] but found [Please enter your email id]
at com.yelligo.testcases.LoginPageTest.testValidateBlankLogin(LoginPageTest.java:26)
at java.util.ArrayList.forEach(ArrayList.java:1257)
at java.util.concurrent.FutureTask.run(FutureTask.java:266)
at java.util.concurrent.ThreadPoolExecutor.runWorker(ThreadPoolExecutor.java:1149)
at java.util.concurrent.ThreadPoolExecutor$Worker.run(ThreadPoolExecutor.java:624)
at java.lang.Thread.run(Thread.java:748)
... Removed 23 stack frames]]>
    </failure>
  </testcase> <!-- testValidateBlankLogin -->
</testsuite> <!-- Test -->
